<?xml version="1.0" encoding="UTF-8"?>
<!-- Generated by org.testng.reporters.JUnitReportReporter -->
<testsuite hostname="DESKTOP-77JILL3" failures="0" tests="1" name="testScripts.LetsShop" time="15.771" errors="0" timestamp="27 Jan 2023 11:15:09 GMT">
  <testcase classname="testScripts.LetsShop" name="mainTest" time="15.771"/>
</testsuite> <!-- testScripts.LetsShop -->
