<?xml version="1.0" encoding="UTF-8"?>
<!-- Generated by org.testng.reporters.JUnitReportReporter -->
<testsuite hostname="DESKTOP-77JILL3" name="testScripts.LetsShop" tests="1" failures="0" timestamp="27 Jan 2023 13:05:41 GMT" time="23.347" errors="0">
  <testcase name="mainTest" time="23.347" classname="testScripts.LetsShop"/>
</testsuite> <!-- testScripts.LetsShop -->
